Using pre-set license
Built from '2021.3/staging' branch; Version is '2021.3.2f1 (d6360bedb9a0) revision 14038539'; Using compiler version '192829333'; Build Type 'Release'
OS: 'Windows 10  (10.0.19044) 64bit Enterprise' Language: 'es' Physical Memory: 32565 MB
BatchMode: 1, IsHumanControllingUs: 0, StartBugReporterOnCrash: 0, Is64bit: 1, IsPro: 1

COMMAND LINE ARGUMENTS:
C:\Program Files\Unity\Hub\Editor\2021.3.2f1\Editor\Unity.exe
-adb2
-batchMode
-noUpm
-name
AssetImportWorker0
-projectPath
D:/2449434-Abraham/Proyecto2D/2D Project Abraham
-logFile
Logs/AssetImportWorker0.log
-srvPort
64569
Successfully changed project path to: D:/2449434-Abraham/Proyecto2D/2D Project Abraham
D:/2449434-Abraham/Proyecto2D/2D Project Abraham
[UnityMemory] Configuration Parameters - Can be set up in boot.config
    "memorysetup-bucket-allocator-granularity=16"
    "memorysetup-bucket-allocator-bucket-count=8"
    "memorysetup-bucket-allocator-block-size=33554432"
    "memorysetup-bucket-allocator-block-count=8"
    "memorysetup-main-allocator-block-size=16777216"
    "memorysetup-thread-allocator-block-size=16777216"
    "memorysetup-gfx-main-allocator-block-size=16777216"
    "memorysetup-gfx-thread-allocator-block-size=16777216"
    "memorysetup-cache-allocator-block-size=4194304"
    "memorysetup-typetree-allocator-block-size=2097152"
    "memorysetup-profiler-bucket-allocator-granularity=16"
    "memorysetup-profiler-bucket-allocator-bucket-count=8"
    "memorysetup-profiler-bucket-allocator-block-size=33554432"
    "memorysetup-profiler-bucket-allocator-block-count=8"
    "memorysetup-profiler-allocator-block-size=16777216"
    "memorysetup-profiler-editor-allocator-block-size=1048576"
    "memorysetup-temp-allocator-size-main=16777216"
    "memorysetup-job-temp-allocator-block-size=2097152"
    "memorysetup-job-temp-allocator-block-size-background=1048576"
    "memorysetup-job-temp-allocator-reduction-small-platforms=262144"
    "memorysetup-temp-allocator-size-background-worker=32768"
    "memorysetup-temp-allocator-size-job-worker=262144"
    "memorysetup-temp-allocator-size-preload-manager=33554432"
    "memorysetup-temp-allocator-size-nav-mesh-worker=65536"
    "memorysetup-temp-allocator-size-audio-worker=65536"
    "memorysetup-temp-allocator-size-cloud-worker=32768"
    "memorysetup-temp-allocator-size-gi-baking-worker=262144"
    "memorysetup-temp-allocator-size-gfx=262144"
Refreshing native plugins compatible for Editor in 85.82 ms, found 4 plugins.
Preloading 0 native plugins for Editor in 0.00 ms.
Initialize engine version: 2021.3.2f1 (d6360bedb9a0)
[Subsystems] Discovering subsystems at path C:/Program Files/Unity/Hub/Editor/2021.3.2f1/Editor/Data/Resources/UnitySubsystems
[Subsystems] Discovering subsystems at path D:/2449434-Abraham/Proyecto2D/2D Project Abraham/Assets
GfxDevice: creating device client; threaded=0; jobified=0
Direct3D:
    Version:  Direct3D 11.0 [level 11.1]
    Renderer: Intel(R) UHD Graphics 630 (ID=0x3e98)
    Vendor:   Intel
    VRAM:     16282 MB
    Driver:   30.0.100.9864
Initialize mono
Mono path[0] = 'C:/Program Files/Unity/Hub/Editor/2021.3.2f1/Editor/Data/Managed'
Mono path[1] = 'C:/Program Files/Unity/Hub/Editor/2021.3.2f1/Editor/Data/MonoBleedingEdge/lib/mono/unityjit-win32'
Mono config path = 'C:/Program Files/Unity/Hub/Editor/2021.3.2f1/Editor/Data/MonoBleedingEdge/etc'
Using monoOptions --debugger-agent=transport=dt_socket,embedding=1,server=y,suspend=n,address=127.0.0.1:56884
Begin MonoManager ReloadAssembly
Registering precompiled unity dll's ...
Register platform support module: C:/Program Files/Unity/Hub/Editor/2021.3.2f1/Editor/Data/PlaybackEngines/WebGLSupport/UnityEditor.WebGL.Extensions.dll
Register platform support module: C:/Program Files/Unity/Hub/Editor/2021.3.2f1/Editor/Data/PlaybackEngines/AndroidPlayer/UnityEditor.Android.Extensions.dll
Register platform support module: C:/Program Files/Unity/Hub/Editor/2021.3.2f1/Editor/Data/PlaybackEngines/WindowsStandaloneSupport/UnityEditor.WindowsStandalone.Extensions.dll
Registered in 0.007289 seconds.
Native extension for WindowsStandalone target not found
Native extension for Android target not found
Native extension for WebGL target not found
Refreshing native plugins compatible for Editor in 84.40 ms, found 4 plugins.
Preloading 0 native plugins for Editor in 0.00 ms.
Mono: successfully reloaded assembly
- Completed reload, in  0.577 seconds
Domain Reload Profiling:
	ReloadAssembly (577ms)
		BeginReloadAssembly (62ms)
			ExecutionOrderSort (0ms)
			DisableScriptedObjects (0ms)
			BackupInstance (0ms)
			ReleaseScriptingObjects (0ms)
			CreateAndSetChildDomain (1ms)
		EndReloadAssembly (416ms)
			LoadAssemblies (60ms)
			RebuildTransferFunctionScriptingTraits (0ms)
			SetupTypeCache (90ms)
			ReleaseScriptCaches (0ms)
			RebuildScriptCaches (25ms)
			SetupLoadedEditorAssemblies (257ms)
				LogAssemblyErrors (0ms)
				InitializePlatformSupportModulesInManaged (50ms)
				SetLoadedEditorAssemblies (0ms)
				RefreshPlugins (84ms)
				BeforeProcessingInitializeOnLoad (1ms)
				ProcessInitializeOnLoadAttributes (84ms)
				ProcessInitializeOnLoadMethodAttributes (38ms)
				AfterProcessingInitializeOnLoad (0ms)
				EditorAssembliesLoaded (0ms)
			ExecutionOrderSort2 (0ms)
			AwakeInstancesAfterBackupRestoration (0ms)
Platform modules already initialized, skipping
Registering precompiled user dll's ...
Registered in 0.003443 seconds.
Begin MonoManager ReloadAssembly
Symbol file LoadedFromMemory doesn't match image D:\2449434-Abraham\Proyecto2D\2D Project Abraham\Library\PackageCache\com.unity.visualscripting@1.7.6\Editor\VisualScripting.Core\Dependencies\YamlDotNet\Unity.VisualScripting.YamlDotNet.dll
Symbol file LoadedFromMemory doesn't match image D:\2449434-Abraham\Proyecto2D\2D Project Abraham\Library\PackageCache\com.unity.visualscripting@1.7.6\Editor\VisualScripting.Core\Dependencies\DotNetZip\Unity.VisualScripting.IonicZip.dll
Native extension for WindowsStandalone target not found
Native extension for Android target not found
Native extension for WebGL target not found
Refreshing native plugins compatible for Editor in 87.41 ms, found 4 plugins.
Preloading 0 native plugins for Editor in 0.00 ms.
Mono: successfully reloaded assembly
- Completed reload, in  1.125 seconds
Domain Reload Profiling:
	ReloadAssembly (1126ms)
		BeginReloadAssembly (210ms)
			ExecutionOrderSort (0ms)
			DisableScriptedObjects (6ms)
			BackupInstance (0ms)
			ReleaseScriptingObjects (0ms)
			CreateAndSetChildDomain (126ms)
		EndReloadAssembly (816ms)
			LoadAssemblies (71ms)
			RebuildTransferFunctionScriptingTraits (0ms)
			SetupTypeCache (216ms)
			ReleaseScriptCaches (1ms)
			RebuildScriptCaches (54ms)
			SetupLoadedEditorAssemblies (436ms)
				LogAssemblyErrors (0ms)
				InitializePlatformSupportModulesInManaged (13ms)
				SetLoadedEditorAssemblies (0ms)
				RefreshPlugins (87ms)
				BeforeProcessingInitializeOnLoad (89ms)
				ProcessInitializeOnLoadAttributes (204ms)
				ProcessInitializeOnLoadMethodAttributes (35ms)
				AfterProcessingInitializeOnLoad (7ms)
				EditorAssembliesLoaded (0ms)
			ExecutionOrderSort2 (0ms)
			AwakeInstancesAfterBackupRestoration (4ms)
Platform modules already initialized, skipping
========================================================================
Worker process is ready to serve import requests
Launched and connected shader compiler UnityShaderCompiler.exe after 0.05 seconds
Refreshing native plugins compatible for Editor in 0.69 ms, found 4 plugins.
Preloading 0 native plugins for Editor in 0.00 ms.
Unloading 4110 Unused Serialized files (Serialized files now loaded: 0)
Unloading 43 unused Assets / (225.5 KB). Loaded Objects now: 4564.
Memory consumption went from 154.4 MB to 154.2 MB.
Total: 3.228000 ms (FindLiveObjects: 0.292700 ms CreateObjectMapping: 0.235200 ms MarkObjects: 2.530200 ms  DeleteObjects: 0.169000 ms)

AssetImportParameters requested are different than current active one (requested -> active):
  custom:video-decoder-ogg-theora: a1e56fd34408186e4bbccfd4996cb3dc -> 
  custom:container-muxer-webm: aa71ff27fc2769a1b78a27578f13a17b -> 
  custom:container-demuxer-webm: 4f35f7cbe854078d1ac9338744f61a02 -> 
  custom:video-encoder-webm-vp8: eb34c28f22e8b96e1ab97ce403110664 -> 
  custom:audio-encoder-webm-vorbis: bf7c407c2cedff20999df2af8eb42d56 -> 
  custom:framework-win-MediaFoundation: 216162199b28c13a410421893ffa2e32 -> 
  custom:container-demuxer-ogg: 62fdf1f143b41e24485cea50d1cbac27 -> 
  custom:video-decoder-webm-vp8: 9c59270c3fd7afecdb556c50c9e8de78 -> 
  custom:audio-decoder-ogg-vorbis: bf7c407c2cedff20999df2af8eb42d56 -> 
========================================================================
Received Import Request.
  Time since last request: 341356.449385 seconds.
  path: Assets/Scenes/Reglas.unity
  artifactKey: Guid(1d5fa89bd92946241834e3a932d4ce46) Importer(815301076,1909f56bfc062723c751e8b465ee728b)
Start importing Assets/Scenes/Reglas.unity using Guid(1d5fa89bd92946241834e3a932d4ce46) Importer(815301076,1909f56bfc062723c751e8b465ee728b)  -> (artifact id: '6b57bca4364b0f4b2617667574f01ed2') in 0.006076 seconds 
========================================================================
Received Import Request.
  Time since last request: 0.025042 seconds.
  path: Assets/Prefabs/Enemys/Cyclopes.prefab
  artifactKey: Guid(e2733e50d2aae50498431f0ea7404569) Importer(815301076,1909f56bfc062723c751e8b465ee728b)
Start importing Assets/Prefabs/Enemys/Cyclopes.prefab using Guid(e2733e50d2aae50498431f0ea7404569) Importer(815301076,1909f56bfc062723c751e8b465ee728b) Tried select unknown importer for id '-2' '00000000000000000000000000000000'
 -> (artifact id: '98e582d29074109dcec45e16e6234c4c') in 0.087089 seconds 
========================================================================
Received Import Request.
  Time since last request: 0.000708 seconds.
  path: Assets/Scenes/GameOver.unity
  artifactKey: Guid(2998026aeae85ef45a11895f3cb34c05) Importer(815301076,1909f56bfc062723c751e8b465ee728b)
Start importing Assets/Scenes/GameOver.unity using Guid(2998026aeae85ef45a11895f3cb34c05) Importer(815301076,1909f56bfc062723c751e8b465ee728b)  -> (artifact id: '7b7dcee8f95c5a7fb158f719b09792bd') in 0.001137 seconds 
========================================================================
Received Import Request.
  Time since last request: 0.000264 seconds.
  path: Assets/Prefabs/Human/Human 1.prefab
  artifactKey: Guid(5762fc927cd40654fb2a20f68cf3fb70) Importer(815301076,1909f56bfc062723c751e8b465ee728b)
Start importing Assets/Prefabs/Human/Human 1.prefab using Guid(5762fc927cd40654fb2a20f68cf3fb70) Importer(815301076,1909f56bfc062723c751e8b465ee728b) Tried select unknown importer for id '-2' '00000000000000000000000000000000'
 -> (artifact id: '66db2baaed610f7c585d911f584e3fe6') in 0.010337 seconds 
========================================================================
Received Import Request.
  Time since last request: 0.019318 seconds.
  path: Assets/Scenes/Juego.unity
  artifactKey: Guid(2cda990e2423bbf4892e6590ba056729) Importer(815301076,1909f56bfc062723c751e8b465ee728b)
Start importing Assets/Scenes/Juego.unity using Guid(2cda990e2423bbf4892e6590ba056729) Importer(815301076,1909f56bfc062723c751e8b465ee728b)  -> (artifact id: '17d5b8a628bb203be204920384035c56') in 0.001104 seconds 
========================================================================
Received Import Request.
  Time since last request: 0.222259 seconds.
  path: Assets/Prefabs/Enemys/Slime.prefab
  artifactKey: Guid(01f17cdb211ab8b4cbc2db99d25cdb0b) Importer(815301076,1909f56bfc062723c751e8b465ee728b)
Start importing Assets/Prefabs/Enemys/Slime.prefab using Guid(01f17cdb211ab8b4cbc2db99d25cdb0b) Importer(815301076,1909f56bfc062723c751e8b465ee728b) Tried select unknown importer for id '-2' '00000000000000000000000000000000'
 -> (artifact id: '6ee011f32d60b4051521b71dccb7c811') in 0.011054 seconds 
========================================================================
Received Import Request.
  Time since last request: 0.183060 seconds.
  path: Assets/Scenes/Win.unity
  artifactKey: Guid(6d416daa857a3bf49b37e5397e8772a5) Importer(815301076,1909f56bfc062723c751e8b465ee728b)
Start importing Assets/Scenes/Win.unity using Guid(6d416daa857a3bf49b37e5397e8772a5) Importer(815301076,1909f56bfc062723c751e8b465ee728b)  -> (artifact id: '45d728383fc2ba06b149028da7d509e0') in 0.001290 seconds 
========================================================================
Received Import Request.
  Time since last request: 0.361254 seconds.
  path: Assets/Scripts/Menus/Menu de pausas/MenuPausa.cs
  artifactKey: Guid(dc6d8304824ecff47a9d9a533c6b06ed) Importer(815301076,1909f56bfc062723c751e8b465ee728b)
Start importing Assets/Scripts/Menus/Menu de pausas/MenuPausa.cs using Guid(dc6d8304824ecff47a9d9a533c6b06ed) Importer(815301076,1909f56bfc062723c751e8b465ee728b)  -> (artifact id: 'e1d90169ed923cee94a9411dd49d1e67') in 0.004360 seconds 
========================================================================
Received Import Request.
  Time since last request: 0.187487 seconds.
  path: Assets/Scenes/Main Menu.unity
  artifactKey: Guid(93053e0b39d706a48a3d09db18d6097e) Importer(815301076,1909f56bfc062723c751e8b465ee728b)
Start importing Assets/Scenes/Main Menu.unity using Guid(93053e0b39d706a48a3d09db18d6097e) Importer(815301076,1909f56bfc062723c751e8b465ee728b)  -> (artifact id: 'a5b0f5810a35cd34064d38a742be45bd') in 0.001247 seconds 
========================================================================
Received Import Request.
  Time since last request: 0.246113 seconds.
  path: Assets/Scripts/Menus/MainMenu.cs
  artifactKey: Guid(3359fa74577adcc45b6db038de1155b9) Importer(815301076,1909f56bfc062723c751e8b465ee728b)
Start importing Assets/Scripts/Menus/MainMenu.cs using Guid(3359fa74577adcc45b6db038de1155b9) Importer(815301076,1909f56bfc062723c751e8b465ee728b)  -> (artifact id: 'fb7975b2ea184204d32cfba62d5ec70f') in 0.000976 seconds 
========================================================================
Received Import Request.
  Time since last request: 0.085263 seconds.
  path: Assets/Scripts/Spawn_monster.cs
  artifactKey: Guid(9afac05893426db4eadaf0ffbbe80f92) Importer(815301076,1909f56bfc062723c751e8b465ee728b)
Start importing Assets/Scripts/Spawn_monster.cs using Guid(9afac05893426db4eadaf0ffbbe80f92) Importer(815301076,1909f56bfc062723c751e8b465ee728b)  -> (artifact id: 'c4591796d0920b6b132f352e23a65012') in 0.001108 seconds 
========================================================================
Received Import Request.
  Time since last request: 0.286413 seconds.
  path: Assets/Scenes/Creditos.unity
  artifactKey: Guid(97808f6343c05bd46b8d0ee8d5e4a98f) Importer(815301076,1909f56bfc062723c751e8b465ee728b)
Start importing Assets/Scenes/Creditos.unity using Guid(97808f6343c05bd46b8d0ee8d5e4a98f) Importer(815301076,1909f56bfc062723c751e8b465ee728b)  -> (artifact id: 'a70f7e0069ef3f20d3e81f27efca474b') in 0.001119 seconds 
========================================================================
Received Import Request.
  Time since last request: 0.170761 seconds.
  path: Assets/Scripts/Enemy_controller.cs
  artifactKey: Guid(76d0c6599d6d60a45b711b4bc71d6e17) Importer(815301076,1909f56bfc062723c751e8b465ee728b)
Start importing Assets/Scripts/Enemy_controller.cs using Guid(76d0c6599d6d60a45b711b4bc71d6e17) Importer(815301076,1909f56bfc062723c751e8b465ee728b)  -> (artifact id: 'f160c9759c85bb7c8c397cbba8a6c11e') in 0.001092 seconds 
